<?xml version="1.0" encoding="UTF-8"?>
<!-- Generated by org.testng.reporters.JUnitXMLReporter -->
<testsuite ignored="0" hostname="LIN33000931" failures="0" tests="6" name="Test" time="243.032" errors="0" timestamp="2022-11-21T16:55:28 IST">
  <testcase classname="flipkart_Teststeps.Login_Test" name="veryficationLoginpage" time="1.87"/>
  <testcase classname="flipkart_Teststeps.Login_Test" name="veryficationLoginpagewithvalid" time="4.089"/>
  <testcase classname="flipkart_Teststeps.Homepage_Test" name="verifyVisibleTXT" time="3.507"/>
  <testcase classname="flipkart_Teststeps.Homepage_Test" name="verifypageTitle" time="0.427"/>
  <testcase classname="flipkart_Teststeps.Homepage_Test" name="verifyphone" time="6.28"/>
  <testcase classname="flipkart_Teststeps.Homepage_Test" name="verifysearch" time="7.677"/>
</testsuite> <!-- Test -->
